<?xml version="1.0" encoding="UTF-8"?>
<coverage generated="1598887930365" clover="3.2.0">
  <project timestamp="1598887930365" name="All files">
    <metrics statements="218" coveredstatements="155" conditionals="139" coveredconditionals="88" methods="10" coveredmethods="9" elements="367" coveredelements="252" complexity="0" loc="218" ncloc="218" packages="1" files="1" classes="1"/>
    <file name="mib.js" path="D:\dev\node-net-snmp\src\mib.js">
      <metrics statements="218" coveredstatements="155" conditionals="139" coveredconditionals="88" methods="10" coveredmethods="9"/>
      <line num="6" count="1" type="stmt"/>
      <line num="8" count="1" type="stmt"/>
      <line num="47" count="1" type="stmt"/>
      <line num="48" count="1" type="stmt"/>
      <line num="49" count="1" type="stmt"/>
      <line num="50" count="1" type="stmt"/>
      <line num="51" count="1" type="stmt"/>
      <line num="52" count="1" type="stmt"/>
      <line num="53" count="1" type="stmt"/>
      <line num="54" count="1" type="stmt"/>
      <line num="55" count="1" type="stmt"/>
      <line num="56" count="1" type="stmt"/>
      <line num="57" count="1" type="stmt"/>
      <line num="58" count="1" type="stmt"/>
      <line num="59" count="1" type="stmt"/>
      <line num="60" count="1" type="stmt"/>
      <line num="61" count="1" type="stmt"/>
      <line num="62" count="1" type="stmt"/>
      <line num="63" count="1" type="stmt"/>
      <line num="64" count="1" type="stmt"/>
      <line num="65" count="1" type="stmt"/>
      <line num="66" count="1" type="stmt"/>
      <line num="67" count="1" type="stmt"/>
      <line num="68" count="1" type="stmt"/>
      <line num="69" count="1" type="stmt"/>
      <line num="70" count="1" type="stmt"/>
      <line num="71" count="1" type="stmt"/>
      <line num="72" count="1" type="stmt"/>
      <line num="73" count="1" type="stmt"/>
      <line num="74" count="1" type="stmt"/>
      <line num="75" count="1" type="stmt"/>
      <line num="77" count="1" type="stmt"/>
      <line num="79" count="1" type="cond" truecount="3" falsecount="1"/>
      <line num="80" count="1" type="stmt"/>
      <line num="82" count="0" type="stmt"/>
      <line num="84" count="1" type="stmt"/>
      <line num="87" count="1" type="stmt"/>
      <line num="89" count="1" type="stmt"/>
      <line num="90" count="1" type="stmt"/>
      <line num="91" count="1" type="stmt"/>
      <line num="92" count="315" type="stmt"/>
      <line num="93" count="315" type="stmt"/>
      <line num="96" count="1" type="stmt"/>
      <line num="97" count="315" type="stmt"/>
      <line num="98" count="7126" type="stmt"/>
      <line num="99" count="7126" type="stmt"/>
      <line num="103" count="1" type="stmt"/>
      <line num="104" count="7126" type="cond" truecount="13" falsecount="1"/>
      <line num="107" count="314" type="cond" truecount="1" falsecount="1"/>
      <line num="108" count="314" type="stmt"/>
      <line num="109" count="314" type="stmt"/>
      <line num="110" count="314" type="stmt"/>
      <line num="111" count="0" type="cond" truecount="0" falsecount="4"/>
      <line num="112" count="0" type="stmt"/>
      <line num="114" count="314" type="stmt"/>
      <line num="116" count="24" type="cond" truecount="2" falsecount="0"/>
      <line num="117" count="16" type="stmt"/>
      <line num="121" count="56" type="stmt"/>
      <line num="122" count="56" type="cond" truecount="2" falsecount="0"/>
      <line num="123" count="24" type="stmt"/>
      <line num="125" count="56" type="cond" truecount="6" falsecount="1"/>
      <line num="126" count="56" type="stmt"/>
      <line num="128" count="0" type="stmt"/>
      <line num="129" count="0" type="stmt"/>
      <line num="130" count="0" type="stmt"/>
      <line num="132" count="56" type="stmt"/>
      <line num="136" count="56" type="stmt"/>
      <line num="137" count="56" type="cond" truecount="2" falsecount="0"/>
      <line num="138" count="51" type="stmt"/>
      <line num="140" count="56" type="cond" truecount="2" falsecount="0"/>
      <line num="141" count="24" type="stmt"/>
      <line num="142" count="24" type="cond" truecount="1" falsecount="1"/>
      <line num="143" count="0" type="stmt"/>
      <line num="146" count="56" type="cond" truecount="6" falsecount="1"/>
      <line num="147" count="56" type="stmt"/>
      <line num="149" count="0" type="stmt"/>
      <line num="150" count="0" type="stmt"/>
      <line num="151" count="0" type="stmt"/>
      <line num="154" count="56" type="cond" truecount="2" falsecount="0"/>
      <line num="155" count="24" type="stmt"/>
      <line num="156" count="24" type="stmt"/>
      <line num="158" count="56" type="stmt"/>
      <line num="160" count="12" type="cond" truecount="2" falsecount="0"/>
      <line num="161" count="4" type="stmt"/>
      <line num="163" count="8" type="stmt"/>
      <line num="164" count="8" type="stmt"/>
      <line num="165" count="8" type="stmt"/>
      <line num="167" count="12" type="stmt"/>
      <line num="170" count="0" type="cond" truecount="0" falsecount="2"/>
      <line num="171" count="0" type="stmt"/>
      <line num="173" count="0" type="stmt"/>
      <line num="174" count="0" type="stmt"/>
      <line num="175" count="0" type="stmt"/>
      <line num="177" count="0" type="stmt"/>
      <line num="180" count="2513" type="cond" truecount="7" falsecount="0"/>
      <line num="181" count="260" type="stmt"/>
      <line num="183" count="2253" type="stmt"/>
      <line num="185" count="2513" type="stmt"/>
      <line num="187" count="115" type="stmt"/>
      <line num="188" count="115" type="cond" truecount="2" falsecount="0"/>
      <line num="189" count="38" type="stmt"/>
      <line num="190" count="38" type="stmt"/>
      <line num="191" count="38" type="stmt"/>
      <line num="192" count="38" type="stmt"/>
      <line num="195" count="115" type="stmt"/>
      <line num="197" count="140" type="cond" truecount="3" falsecount="2"/>
      <line num="200" count="0" type="stmt"/>
      <line num="201" count="0" type="stmt"/>
      <line num="202" count="0" type="stmt"/>
      <line num="203" count="140" type="cond" truecount="5" falsecount="0"/>
      <line num="206" count="70" type="stmt"/>
      <line num="207" count="70" type="stmt"/>
      <line num="208" count="70" type="stmt"/>
      <line num="209" count="70" type="stmt"/>
      <line num="210" count="70" type="cond" truecount="4" falsecount="1"/>
      <line num="213" count="70" type="stmt"/>
      <line num="214" count="70" type="stmt"/>
      <line num="215" count="70" type="stmt"/>
      <line num="216" count="0" type="cond" truecount="0" falsecount="5"/>
      <line num="219" count="0" type="stmt"/>
      <line num="220" count="0" type="stmt"/>
      <line num="221" count="0" type="stmt"/>
      <line num="224" count="140" type="cond" truecount="2" falsecount="0"/>
      <line num="225" count="70" type="stmt"/>
      <line num="227" count="70" type="stmt"/>
      <line num="228" count="70" type="stmt"/>
      <line num="230" count="140" type="stmt"/>
      <line num="233" count="3920" type="stmt"/>
      <line num="234" count="3920" type="stmt"/>
      <line num="236" count="7126" type="stmt"/>
      <line num="239" count="1" type="stmt"/>
      <line num="240" count="0" type="stmt"/>
      <line num="241" count="0" type="stmt"/>
      <line num="242" count="0" type="stmt"/>
      <line num="243" count="0" type="cond" truecount="0" falsecount="4"/>
      <line num="244" count="0" type="stmt"/>
      <line num="245" count="0" type="cond" truecount="0" falsecount="4"/>
      <line num="246" count="0" type="stmt"/>
      <line num="248" count="0" type="stmt"/>
      <line num="250" count="0" type="stmt"/>
      <line num="251" count="0" type="stmt"/>
      <line num="252" count="0" type="stmt"/>
      <line num="254" count="0" type="stmt"/>
      <line num="255" count="0" type="stmt"/>
      <line num="256" count="0" type="cond" truecount="0" falsecount="4"/>
      <line num="257" count="0" type="stmt"/>
      <line num="258" count="0" type="stmt"/>
      <line num="260" count="0" type="cond" truecount="0" falsecount="4"/>
      <line num="261" count="0" type="stmt"/>
      <line num="262" count="0" type="cond" truecount="0" falsecount="2"/>
      <line num="263" count="0" type="stmt"/>
      <line num="264" count="0" type="stmt"/>
      <line num="273" count="0" type="stmt"/>
      <line num="274" count="0" type="stmt"/>
      <line num="275" count="0" type="cond" truecount="0" falsecount="2"/>
      <line num="276" count="0" type="stmt"/>
      <line num="277" count="0" type="stmt"/>
      <line num="282" count="0" type="cond" truecount="0" falsecount="2"/>
      <line num="283" count="0" type="stmt"/>
      <line num="285" count="0" type="stmt"/>
      <line num="287" count="1" type="stmt"/>
      <line num="288" count="4559" type="stmt"/>
      <line num="291" count="1" type="stmt"/>
      <line num="292" count="2761" type="cond" truecount="2" falsecount="0"/>
      <line num="293" count="2269" type="stmt"/>
      <line num="296" count="492" type="stmt"/>
      <line num="297" count="492" type="stmt"/>
      <line num="299" count="492" type="cond" truecount="2" falsecount="0"/>
      <line num="300" count="1" type="stmt"/>
      <line num="302" count="492" type="cond" truecount="2" falsecount="0"/>
      <line num="303" count="4" type="stmt"/>
      <line num="304" count="4" type="stmt"/>
      <line num="306" count="492" type="cond" truecount="2" falsecount="0"/>
      <line num="307" count="236" type="stmt"/>
      <line num="308" count="236" type="stmt"/>
      <line num="309" count="236" type="stmt"/>
      <line num="311" count="492" type="stmt"/>
      <line num="312" count="492" type="stmt"/>
      <line num="314" count="492" type="cond" truecount="2" falsecount="0"/>
      <line num="315" count="237" type="stmt"/>
      <line num="317" count="492" type="stmt"/>
      <line num="318" count="492" type="cond" truecount="7" falsecount="3"/>
      <line num="320" count="0" type="stmt"/>
      <line num="321" count="0" type="stmt"/>
      <line num="322" count="0" type="stmt"/>
      <line num="323" count="0" type="stmt"/>
      <line num="325" count="0" type="stmt"/>
      <line num="326" count="0" type="stmt"/>
      <line num="327" count="0" type="stmt"/>
      <line num="328" count="0" type="stmt"/>
      <line num="330" count="1" type="stmt"/>
      <line num="331" count="1" type="stmt"/>
      <line num="332" count="1" type="stmt"/>
      <line num="333" count="1" type="stmt"/>
      <line num="335" count="69" type="stmt"/>
      <line num="336" count="69" type="stmt"/>
      <line num="337" count="69" type="stmt"/>
      <line num="338" count="69" type="stmt"/>
      <line num="340" count="3" type="cond" truecount="1" falsecount="1"/>
      <line num="341" count="3" type="stmt"/>
      <line num="343" count="3" type="stmt"/>
      <line num="344" count="3" type="stmt"/>
      <line num="345" count="3" type="stmt"/>
      <line num="347" count="8" type="cond" truecount="3" falsecount="1"/>
      <line num="348" count="8" type="stmt"/>
      <line num="350" count="8" type="stmt"/>
      <line num="353" count="0" type="cond" truecount="0" falsecount="2"/>
      <line num="354" count="0" type="stmt"/>
      <line num="356" count="0" type="stmt"/>
      <line num="358" count="18" type="cond" truecount="1" falsecount="1"/>
      <line num="359" count="18" type="stmt"/>
      <line num="361" count="18" type="stmt"/>
      <line num="363" count="3" type="cond" truecount="1" falsecount="1"/>
      <line num="364" count="3" type="stmt"/>
      <line num="366" count="3" type="stmt"/>
      <line num="368" count="390" type="stmt"/>
      <line num="369" count="390" type="stmt"/>
      <line num="370" count="390" type="stmt"/>
    </file>
  </project>
</coverage>
