{"D:\\dev\\node-net-snmp\\src\\mib.js": {"path":"D:\\dev\\node-net-snmp\\src\\mib.js","statementMap":{"0":{"start":{"line":6,"column":22},"end":{"line":6,"column":44}},"1":{"start":{"line":8,"column":23},"end":{"line":41,"column":1}},"2":{"start":{"line":47,"column":4},"end":{"line":47,"column":25}},"3":{"start":{"line":48,"column":4},"end":{"line":48,"column":23}},"4":{"start":{"line":49,"column":4},"end":{"line":49,"column":23}},"5":{"start":{"line":50,"column":4},"end":{"line":50,"column":20}},"6":{"start":{"line":51,"column":4},"end":{"line":51,"column":22}},"7":{"start":{"line":52,"column":4},"end":{"line":52,"column":28}},"8":{"start":{"line":53,"column":4},"end":{"line":53,"column":20}},"9":{"start":{"line":54,"column":4},"end":{"line":54,"column":27}},"10":{"start":{"line":55,"column":4},"end":{"line":55,"column":25}},"11":{"start":{"line":56,"column":4},"end":{"line":56,"column":23}},"12":{"start":{"line":57,"column":4},"end":{"line":57,"column":24}},"13":{"start":{"line":58,"column":4},"end":{"line":58,"column":26}},"14":{"start":{"line":59,"column":4},"end":{"line":59,"column":27}},"15":{"start":{"line":60,"column":4},"end":{"line":60,"column":21}},"16":{"start":{"line":61,"column":4},"end":{"line":61,"column":22}},"17":{"start":{"line":62,"column":4},"end":{"line":62,"column":20}},"18":{"start":{"line":63,"column":4},"end":{"line":63,"column":25}},"19":{"start":{"line":64,"column":4},"end":{"line":64,"column":22}},"20":{"start":{"line":65,"column":4},"end":{"line":65,"column":25}},"21":{"start":{"line":66,"column":4},"end":{"line":66,"column":25}},"22":{"start":{"line":67,"column":4},"end":{"line":67,"column":27}},"23":{"start":{"line":68,"column":4},"end":{"line":68,"column":27}},"24":{"start":{"line":69,"column":4},"end":{"line":69,"column":22}},"25":{"start":{"line":70,"column":4},"end":{"line":70,"column":22}},"26":{"start":{"line":71,"column":4},"end":{"line":71,"column":21}},"27":{"start":{"line":72,"column":4},"end":{"line":72,"column":30}},"28":{"start":{"line":73,"column":4},"end":{"line":73,"column":25}},"29":{"start":{"line":74,"column":4},"end":{"line":74,"column":28}},"30":{"start":{"line":75,"column":4},"end":{"line":75,"column":22}},"31":{"start":{"line":77,"column":11},"end":{"line":88,"column":3}},"32":{"start":{"line":79,"column":4},"end":{"line":83,"column":5}},"33":{"start":{"line":80,"column":6},"end":{"line":80,"column":26}},"34":{"start":{"line":82,"column":6},"end":{"line":82,"column":51}},"35":{"start":{"line":84,"column":21},"end":{"line":86,"column":6}},"36":{"start":{"line":87,"column":4},"end":{"line":87,"column":87}},"37":{"start":{"line":89,"column":16},"end":{"line":95,"column":3}},"38":{"start":{"line":90,"column":4},"end":{"line":90,"column":22}},"39":{"start":{"line":91,"column":4},"end":{"line":91,"column":25}},"40":{"start":{"line":92,"column":4},"end":{"line":94,"column":7}},"41":{"start":{"line":92,"column":39},"end":{"line":92,"column":49}},"42":{"start":{"line":93,"column":6},"end":{"line":93,"column":51}},"43":{"start":{"line":96,"column":14},"end":{"line":101,"column":3}},"44":{"start":{"line":97,"column":4},"end":{"line":100,"column":5}},"45":{"start":{"line":97,"column":22},"end":{"line":97,"column":23}},"46":{"start":{"line":98,"column":19},"end":{"line":98,"column":45}},"47":{"start":{"line":99,"column":6},"end":{"line":99,"column":52}},"48":{"start":{"line":103,"column":14},"end":{"line":238,"column":3}},"49":{"start":{"line":104,"column":4},"end":{"line":235,"column":5}},"50":{"start":{"line":107,"column":8},"end":{"line":113,"column":9}},"51":{"start":{"line":108,"column":10},"end":{"line":108,"column":55}},"52":{"start":{"line":109,"column":10},"end":{"line":109,"column":33}},"53":{"start":{"line":110,"column":10},"end":{"line":110,"column":27}},"54":{"start":{"line":111,"column":15},"end":{"line":113,"column":9}},"55":{"start":{"line":112,"column":10},"end":{"line":112,"column":28}},"56":{"start":{"line":114,"column":8},"end":{"line":114,"column":14}},"57":{"start":{"line":116,"column":8},"end":{"line":118,"column":9}},"58":{"start":{"line":117,"column":10},"end":{"line":117,"column":28}},"59":{"start":{"line":121,"column":8},"end":{"line":121,"column":22}},"60":{"start":{"line":122,"column":8},"end":{"line":124,"column":9}},"61":{"start":{"line":123,"column":10},"end":{"line":123,"column":25}},"62":{"start":{"line":125,"column":8},"end":{"line":131,"column":9}},"63":{"start":{"line":126,"column":10},"end":{"line":126,"column":28}},"64":{"start":{"line":128,"column":10},"end":{"line":128,"column":55}},"65":{"start":{"line":129,"column":10},"end":{"line":129,"column":28}},"66":{"start":{"line":130,"column":10},"end":{"line":130,"column":55}},"67":{"start":{"line":132,"column":8},"end":{"line":132,"column":14}},"68":{"start":{"line":136,"column":8},"end":{"line":136,"column":22}},"69":{"start":{"line":137,"column":8},"end":{"line":139,"column":9}},"70":{"start":{"line":138,"column":10},"end":{"line":138,"column":26}},"71":{"start":{"line":140,"column":8},"end":{"line":145,"column":9}},"72":{"start":{"line":141,"column":10},"end":{"line":141,"column":25}},"73":{"start":{"line":142,"column":10},"end":{"line":144,"column":11}},"74":{"start":{"line":143,"column":12},"end":{"line":143,"column":29}},"75":{"start":{"line":146,"column":8},"end":{"line":152,"column":9}},"76":{"start":{"line":147,"column":10},"end":{"line":147,"column":28}},"77":{"start":{"line":149,"column":10},"end":{"line":149,"column":55}},"78":{"start":{"line":150,"column":10},"end":{"line":150,"column":28}},"79":{"start":{"line":151,"column":10},"end":{"line":151,"column":55}},"80":{"start":{"line":154,"column":8},"end":{"line":157,"column":9}},"81":{"start":{"line":155,"column":10},"end":{"line":155,"column":29}},"82":{"start":{"line":156,"column":10},"end":{"line":156,"column":30}},"83":{"start":{"line":158,"column":8},"end":{"line":158,"column":14}},"84":{"start":{"line":160,"column":8},"end":{"line":166,"column":9}},"85":{"start":{"line":161,"column":10},"end":{"line":161,"column":28}},"86":{"start":{"line":163,"column":10},"end":{"line":163,"column":55}},"87":{"start":{"line":164,"column":10},"end":{"line":164,"column":28}},"88":{"start":{"line":165,"column":10},"end":{"line":165,"column":55}},"89":{"start":{"line":167,"column":8},"end":{"line":167,"column":14}},"90":{"start":{"line":170,"column":8},"end":{"line":176,"column":9}},"91":{"start":{"line":171,"column":10},"end":{"line":171,"column":28}},"92":{"start":{"line":173,"column":10},"end":{"line":173,"column":55}},"93":{"start":{"line":174,"column":10},"end":{"line":174,"column":28}},"94":{"start":{"line":175,"column":10},"end":{"line":175,"column":55}},"95":{"start":{"line":177,"column":8},"end":{"line":177,"column":14}},"96":{"start":{"line":180,"column":8},"end":{"line":184,"column":9}},"97":{"start":{"line":181,"column":10},"end":{"line":181,"column":28}},"98":{"start":{"line":183,"column":10},"end":{"line":183,"column":55}},"99":{"start":{"line":185,"column":8},"end":{"line":185,"column":14}},"100":{"start":{"line":187,"column":8},"end":{"line":187,"column":26}},"101":{"start":{"line":188,"column":8},"end":{"line":193,"column":9}},"102":{"start":{"line":189,"column":10},"end":{"line":189,"column":32}},"103":{"start":{"line":190,"column":10},"end":{"line":190,"column":53}},"104":{"start":{"line":191,"column":10},"end":{"line":191,"column":55}},"105":{"start":{"line":192,"column":10},"end":{"line":192,"column":30}},"106":{"start":{"line":195,"column":8},"end":{"line":195,"column":14}},"107":{"start":{"line":197,"column":8},"end":{"line":222,"column":9}},"108":{"start":{"line":200,"column":10},"end":{"line":200,"column":32}},"109":{"start":{"line":201,"column":10},"end":{"line":201,"column":32}},"110":{"start":{"line":202,"column":10},"end":{"line":202,"column":32}},"111":{"start":{"line":203,"column":15},"end":{"line":222,"column":9}},"112":{"start":{"line":206,"column":10},"end":{"line":206,"column":32}},"113":{"start":{"line":207,"column":10},"end":{"line":207,"column":31}},"114":{"start":{"line":208,"column":10},"end":{"line":208,"column":33}},"115":{"start":{"line":209,"column":10},"end":{"line":209,"column":55}},"116":{"start":{"line":210,"column":15},"end":{"line":222,"column":9}},"117":{"start":{"line":213,"column":10},"end":{"line":213,"column":33}},"118":{"start":{"line":214,"column":10},"end":{"line":214,"column":32}},"119":{"start":{"line":215,"column":10},"end":{"line":215,"column":33}},"120":{"start":{"line":216,"column":15},"end":{"line":222,"column":9}},"121":{"start":{"line":219,"column":10},"end":{"line":219,"column":32}},"122":{"start":{"line":220,"column":10},"end":{"line":220,"column":32}},"123":{"start":{"line":221,"column":10},"end":{"line":221,"column":33}},"124":{"start":{"line":224,"column":8},"end":{"line":229,"column":9}},"125":{"start":{"line":225,"column":10},"end":{"line":225,"column":28}},"126":{"start":{"line":227,"column":10},"end":{"line":227,"column":28}},"127":{"start":{"line":228,"column":10},"end":{"line":228,"column":55}},"128":{"start":{"line":230,"column":8},"end":{"line":230,"column":14}},"129":{"start":{"line":233,"column":8},"end":{"line":233,"column":26}},"130":{"start":{"line":234,"column":8},"end":{"line":234,"column":14}},"131":{"start":{"line":236,"column":4},"end":{"line":236,"column":25}},"132":{"start":{"line":239,"column":14},"end":{"line":286,"column":3}},"133":{"start":{"line":240,"column":16},"end":{"line":240,"column":21}},"134":{"start":{"line":241,"column":22},"end":{"line":241,"column":23}},"135":{"start":{"line":242,"column":22},"end":{"line":242,"column":24}},"136":{"start":{"line":243,"column":4},"end":{"line":281,"column":5}},"137":{"start":{"line":244,"column":23},"end":{"line":244,"column":34}},"138":{"start":{"line":245,"column":6},"end":{"line":247,"column":7}},"139":{"start":{"line":246,"column":8},"end":{"line":246,"column":27}},"140":{"start":{"line":248,"column":20},"end":{"line":248,"column":45}},"141":{"start":{"line":250,"column":6},"end":{"line":270,"column":7}},"142":{"start":{"line":250,"column":19},"end":{"line":250,"column":37}},"143":{"start":{"line":251,"column":22},"end":{"line":251,"column":46}},"144":{"start":{"line":252,"column":22},"end":{"line":252,"column":42}},"145":{"start":{"line":254,"column":8},"end":{"line":267,"column":9}},"146":{"start":{"line":254,"column":21},"end":{"line":254,"column":22}},"147":{"start":{"line":255,"column":26},"end":{"line":255,"column":62}},"148":{"start":{"line":256,"column":10},"end":{"line":259,"column":11}},"149":{"start":{"line":257,"column":12},"end":{"line":257,"column":25}},"150":{"start":{"line":258,"column":12},"end":{"line":258,"column":29}},"151":{"start":{"line":260,"column":10},"end":{"line":266,"column":11}},"152":{"start":{"line":261,"column":25},"end":{"line":261,"column":64}},"153":{"start":{"line":262,"column":12},"end":{"line":265,"column":13}},"154":{"start":{"line":263,"column":14},"end":{"line":263,"column":35}},"155":{"start":{"line":264,"column":14},"end":{"line":264,"column":38}},"156":{"start":{"line":273,"column":20},"end":{"line":273,"column":45}},"157":{"start":{"line":274,"column":6},"end":{"line":279,"column":7}},"158":{"start":{"line":274,"column":19},"end":{"line":274,"column":37}},"159":{"start":{"line":275,"column":8},"end":{"line":278,"column":9}},"160":{"start":{"line":276,"column":10},"end":{"line":276,"column":23}},"161":{"start":{"line":277,"column":10},"end":{"line":277,"column":50}},"162":{"start":{"line":282,"column":4},"end":{"line":284,"column":5}},"163":{"start":{"line":283,"column":6},"end":{"line":283,"column":25}},"164":{"start":{"line":285,"column":4},"end":{"line":285,"column":21}},"165":{"start":{"line":287,"column":11},"end":{"line":289,"column":3}},"166":{"start":{"line":288,"column":4},"end":{"line":288,"column":25}},"167":{"start":{"line":291,"column":19},"end":{"line":372,"column":3}},"168":{"start":{"line":292,"column":4},"end":{"line":294,"column":5}},"169":{"start":{"line":293,"column":6},"end":{"line":293,"column":13}},"170":{"start":{"line":296,"column":19},"end":{"line":296,"column":49}},"171":{"start":{"line":297,"column":4},"end":{"line":297,"column":22}},"172":{"start":{"line":299,"column":4},"end":{"line":301,"column":5}},"173":{"start":{"line":300,"column":6},"end":{"line":300,"column":34}},"174":{"start":{"line":302,"column":4},"end":{"line":305,"column":5}},"175":{"start":{"line":303,"column":6},"end":{"line":303,"column":24}},"176":{"start":{"line":304,"column":6},"end":{"line":304,"column":27}},"177":{"start":{"line":306,"column":4},"end":{"line":310,"column":5}},"178":{"start":{"line":307,"column":6},"end":{"line":307,"column":22}},"179":{"start":{"line":308,"column":6},"end":{"line":308,"column":27}},"180":{"start":{"line":309,"column":6},"end":{"line":309,"column":29}},"181":{"start":{"line":311,"column":14},"end":{"line":311,"column":27}},"182":{"start":{"line":312,"column":14},"end":{"line":312,"column":30}},"183":{"start":{"line":314,"column":4},"end":{"line":316,"column":5}},"184":{"start":{"line":315,"column":6},"end":{"line":315,"column":37}},"185":{"start":{"line":317,"column":4},"end":{"line":317,"column":25}},"186":{"start":{"line":318,"column":4},"end":{"line":371,"column":5}},"187":{"start":{"line":320,"column":8},"end":{"line":320,"column":46}},"188":{"start":{"line":321,"column":8},"end":{"line":321,"column":27}},"189":{"start":{"line":322,"column":8},"end":{"line":322,"column":27}},"190":{"start":{"line":323,"column":8},"end":{"line":323,"column":14}},"191":{"start":{"line":325,"column":8},"end":{"line":325,"column":46}},"192":{"start":{"line":326,"column":8},"end":{"line":326,"column":27}},"193":{"start":{"line":327,"column":8},"end":{"line":327,"column":26}},"194":{"start":{"line":328,"column":8},"end":{"line":328,"column":14}},"195":{"start":{"line":330,"column":8},"end":{"line":330,"column":71}},"196":{"start":{"line":331,"column":8},"end":{"line":331,"column":46}},"197":{"start":{"line":332,"column":8},"end":{"line":332,"column":27}},"198":{"start":{"line":333,"column":8},"end":{"line":333,"column":14}},"199":{"start":{"line":335,"column":8},"end":{"line":335,"column":46}},"200":{"start":{"line":336,"column":8},"end":{"line":336,"column":27}},"201":{"start":{"line":337,"column":8},"end":{"line":337,"column":28}},"202":{"start":{"line":338,"column":8},"end":{"line":338,"column":14}},"203":{"start":{"line":340,"column":8},"end":{"line":342,"column":9}},"204":{"start":{"line":341,"column":10},"end":{"line":341,"column":29}},"205":{"start":{"line":343,"column":8},"end":{"line":343,"column":46}},"206":{"start":{"line":344,"column":8},"end":{"line":344,"column":27}},"207":{"start":{"line":345,"column":8},"end":{"line":345,"column":14}},"208":{"start":{"line":347,"column":8},"end":{"line":349,"column":9}},"209":{"start":{"line":348,"column":10},"end":{"line":348,"column":58}},"210":{"start":{"line":350,"column":8},"end":{"line":350,"column":14}},"211":{"start":{"line":353,"column":8},"end":{"line":355,"column":9}},"212":{"start":{"line":354,"column":10},"end":{"line":354,"column":59}},"213":{"start":{"line":356,"column":8},"end":{"line":356,"column":14}},"214":{"start":{"line":358,"column":8},"end":{"line":360,"column":9}},"215":{"start":{"line":359,"column":10},"end":{"line":359,"column":65}},"216":{"start":{"line":361,"column":8},"end":{"line":361,"column":14}},"217":{"start":{"line":363,"column":8},"end":{"line":365,"column":9}},"218":{"start":{"line":364,"column":10},"end":{"line":364,"column":60}},"219":{"start":{"line":366,"column":8},"end":{"line":366,"column":14}},"220":{"start":{"line":368,"column":8},"end":{"line":368,"column":46}},"221":{"start":{"line":369,"column":8},"end":{"line":369,"column":27}},"222":{"start":{"line":370,"column":8},"end":{"line":370,"column":14}}},"fnMap":{"0":{"name":"(anonymous_0)","decl":{"start":{"line":46,"column":2},"end":{"line":46,"column":3}},"loc":{"start":{"line":46,"column":19},"end":{"line":76,"column":3}},"line":46},"1":{"name":"(anonymous_1)","decl":{"start":{"line":77,"column":11},"end":{"line":77,"column":12}},"loc":{"start":{"line":77,"column":30},"end":{"line":88,"column":3}},"line":77},"2":{"name":"(anonymous_2)","decl":{"start":{"line":89,"column":16},"end":{"line":89,"column":17}},"loc":{"start":{"line":89,"column":42},"end":{"line":95,"column":3}},"line":89},"3":{"name":"(anonymous_3)","decl":{"start":{"line":92,"column":32},"end":{"line":92,"column":33}},"loc":{"start":{"line":92,"column":39},"end":{"line":92,"column":49}},"line":92},"4":{"name":"(anonymous_4)","decl":{"start":{"line":92,"column":59},"end":{"line":92,"column":60}},"loc":{"start":{"line":92,"column":74},"end":{"line":94,"column":5}},"line":92},"5":{"name":"(anonymous_5)","decl":{"start":{"line":96,"column":14},"end":{"line":96,"column":15}},"loc":{"start":{"line":96,"column":41},"end":{"line":101,"column":3}},"line":96},"6":{"name":"(anonymous_6)","decl":{"start":{"line":103,"column":14},"end":{"line":103,"column":15}},"loc":{"start":{"line":103,"column":49},"end":{"line":238,"column":3}},"line":103},"7":{"name":"(anonymous_7)","decl":{"start":{"line":239,"column":14},"end":{"line":239,"column":15}},"loc":{"start":{"line":239,"column":31},"end":{"line":286,"column":3}},"line":239},"8":{"name":"(anonymous_8)","decl":{"start":{"line":287,"column":11},"end":{"line":287,"column":12}},"loc":{"start":{"line":287,"column":21},"end":{"line":289,"column":3}},"line":287},"9":{"name":"(anonymous_9)","decl":{"start":{"line":291,"column":19},"end":{"line":291,"column":20}},"loc":{"start":{"line":291,"column":40},"end":{"line":372,"column":3}},"line":291}},"branchMap":{"0":{"loc":{"start":{"line":79,"column":4},"end":{"line":83,"column":5}},"type":"if","locations":[{"start":{"line":79,"column":4},"end":{"line":83,"column":5}},{"start":{"line":79,"column":4},"end":{"line":83,"column":5}}],"line":79},"1":{"loc":{"start":{"line":79,"column":8},"end":{"line":79,"column":65}},"type":"binary-expr","locations":[{"start":{"line":79,"column":8},"end":{"line":79,"column":32}},{"start":{"line":79,"column":36},"end":{"line":79,"column":65}}],"line":79},"2":{"loc":{"start":{"line":104,"column":4},"end":{"line":235,"column":5}},"type":"switch","locations":[{"start":{"line":105,"column":6},"end":{"line":105,"column":16}},{"start":{"line":106,"column":6},"end":{"line":114,"column":14}},{"start":{"line":115,"column":6},"end":{"line":118,"column":9}},{"start":{"line":119,"column":6},"end":{"line":119,"column":15}},{"start":{"line":120,"column":6},"end":{"line":132,"column":14}},{"start":{"line":133,"column":6},"end":{"line":133,"column":15}},{"start":{"line":134,"column":6},"end":{"line":134,"column":15}},{"start":{"line":135,"column":6},"end":{"line":158,"column":14}},{"start":{"line":159,"column":6},"end":{"line":167,"column":14}},{"start":{"line":169,"column":6},"end":{"line":177,"column":14}},{"start":{"line":179,"column":6},"end":{"line":185,"column":14}},{"start":{"line":186,"column":6},"end":{"line":195,"column":14}},{"start":{"line":196,"column":6},"end":{"line":230,"column":14}},{"start":{"line":232,"column":6},"end":{"line":234,"column":14}}],"line":104},"3":{"loc":{"start":{"line":107,"column":8},"end":{"line":113,"column":9}},"type":"if","locations":[{"start":{"line":107,"column":8},"end":{"line":113,"column":9}},{"start":{"line":107,"column":8},"end":{"line":113,"column":9}}],"line":107},"4":{"loc":{"start":{"line":111,"column":15},"end":{"line":113,"column":9}},"type":"if","locations":[{"start":{"line":111,"column":15},"end":{"line":113,"column":9}},{"start":{"line":111,"column":15},"end":{"line":113,"column":9}}],"line":111},"5":{"loc":{"start":{"line":111,"column":19},"end":{"line":111,"column":50}},"type":"binary-expr","locations":[{"start":{"line":111,"column":19},"end":{"line":111,"column":32}},{"start":{"line":111,"column":36},"end":{"line":111,"column":50}}],"line":111},"6":{"loc":{"start":{"line":116,"column":8},"end":{"line":118,"column":9}},"type":"if","locations":[{"start":{"line":116,"column":8},"end":{"line":118,"column":9}},{"start":{"line":116,"column":8},"end":{"line":118,"column":9}}],"line":116},"7":{"loc":{"start":{"line":122,"column":8},"end":{"line":124,"column":9}},"type":"if","locations":[{"start":{"line":122,"column":8},"end":{"line":124,"column":9}},{"start":{"line":122,"column":8},"end":{"line":124,"column":9}}],"line":122},"8":{"loc":{"start":{"line":125,"column":8},"end":{"line":131,"column":9}},"type":"if","locations":[{"start":{"line":125,"column":8},"end":{"line":131,"column":9}},{"start":{"line":125,"column":8},"end":{"line":131,"column":9}}],"line":125},"9":{"loc":{"start":{"line":125,"column":12},"end":{"line":125,"column":101}},"type":"binary-expr","locations":[{"start":{"line":125,"column":12},"end":{"line":125,"column":26}},{"start":{"line":125,"column":32},"end":{"line":125,"column":42}},{"start":{"line":125,"column":46},"end":{"line":125,"column":61}},{"start":{"line":125,"column":67},"end":{"line":125,"column":79}},{"start":{"line":125,"column":83},"end":{"line":125,"column":99}}],"line":125},"10":{"loc":{"start":{"line":137,"column":8},"end":{"line":139,"column":9}},"type":"if","locations":[{"start":{"line":137,"column":8},"end":{"line":139,"column":9}},{"start":{"line":137,"column":8},"end":{"line":139,"column":9}}],"line":137},"11":{"loc":{"start":{"line":140,"column":8},"end":{"line":145,"column":9}},"type":"if","locations":[{"start":{"line":140,"column":8},"end":{"line":145,"column":9}},{"start":{"line":140,"column":8},"end":{"line":145,"column":9}}],"line":140},"12":{"loc":{"start":{"line":142,"column":10},"end":{"line":144,"column":11}},"type":"if","locations":[{"start":{"line":142,"column":10},"end":{"line":144,"column":11}},{"start":{"line":142,"column":10},"end":{"line":144,"column":11}}],"line":142},"13":{"loc":{"start":{"line":146,"column":8},"end":{"line":152,"column":9}},"type":"if","locations":[{"start":{"line":146,"column":8},"end":{"line":152,"column":9}},{"start":{"line":146,"column":8},"end":{"line":152,"column":9}}],"line":146},"14":{"loc":{"start":{"line":146,"column":12},"end":{"line":146,"column":103}},"type":"binary-expr","locations":[{"start":{"line":146,"column":12},"end":{"line":146,"column":26}},{"start":{"line":146,"column":32},"end":{"line":146,"column":42}},{"start":{"line":146,"column":46},"end":{"line":146,"column":62}},{"start":{"line":146,"column":68},"end":{"line":146,"column":80}},{"start":{"line":146,"column":84},"end":{"line":146,"column":101}}],"line":146},"15":{"loc":{"start":{"line":154,"column":8},"end":{"line":157,"column":9}},"type":"if","locations":[{"start":{"line":154,"column":8},"end":{"line":157,"column":9}},{"start":{"line":154,"column":8},"end":{"line":157,"column":9}}],"line":154},"16":{"loc":{"start":{"line":160,"column":8},"end":{"line":166,"column":9}},"type":"if","locations":[{"start":{"line":160,"column":8},"end":{"line":166,"column":9}},{"start":{"line":160,"column":8},"end":{"line":166,"column":9}}],"line":160},"17":{"loc":{"start":{"line":170,"column":8},"end":{"line":176,"column":9}},"type":"if","locations":[{"start":{"line":170,"column":8},"end":{"line":176,"column":9}},{"start":{"line":170,"column":8},"end":{"line":176,"column":9}}],"line":170},"18":{"loc":{"start":{"line":180,"column":8},"end":{"line":184,"column":9}},"type":"if","locations":[{"start":{"line":180,"column":8},"end":{"line":184,"column":9}},{"start":{"line":180,"column":8},"end":{"line":184,"column":9}}],"line":180},"19":{"loc":{"start":{"line":180,"column":12},"end":{"line":180,"column":101}},"type":"binary-expr","locations":[{"start":{"line":180,"column":12},"end":{"line":180,"column":26}},{"start":{"line":180,"column":32},"end":{"line":180,"column":42}},{"start":{"line":180,"column":46},"end":{"line":180,"column":61}},{"start":{"line":180,"column":67},"end":{"line":180,"column":79}},{"start":{"line":180,"column":83},"end":{"line":180,"column":99}}],"line":180},"20":{"loc":{"start":{"line":188,"column":8},"end":{"line":193,"column":9}},"type":"if","locations":[{"start":{"line":188,"column":8},"end":{"line":193,"column":9}},{"start":{"line":188,"column":8},"end":{"line":193,"column":9}}],"line":188},"21":{"loc":{"start":{"line":197,"column":8},"end":{"line":222,"column":9}},"type":"if","locations":[{"start":{"line":197,"column":8},"end":{"line":222,"column":9}},{"start":{"line":197,"column":8},"end":{"line":222,"column":9}}],"line":197},"22":{"loc":{"start":{"line":197,"column":12},"end":{"line":197,"column":63}},"type":"binary-expr","locations":[{"start":{"line":197,"column":12},"end":{"line":197,"column":26}},{"start":{"line":197,"column":30},"end":{"line":197,"column":44}},{"start":{"line":197,"column":48},"end":{"line":197,"column":63}}],"line":197},"23":{"loc":{"start":{"line":203,"column":15},"end":{"line":222,"column":9}},"type":"if","locations":[{"start":{"line":203,"column":15},"end":{"line":222,"column":9}},{"start":{"line":203,"column":15},"end":{"line":222,"column":9}}],"line":203},"24":{"loc":{"start":{"line":203,"column":19},"end":{"line":203,"column":71}},"type":"binary-expr","locations":[{"start":{"line":203,"column":19},"end":{"line":203,"column":34}},{"start":{"line":203,"column":38},"end":{"line":203,"column":52}},{"start":{"line":203,"column":56},"end":{"line":203,"column":71}}],"line":203},"25":{"loc":{"start":{"line":210,"column":15},"end":{"line":222,"column":9}},"type":"if","locations":[{"start":{"line":210,"column":15},"end":{"line":222,"column":9}},{"start":{"line":210,"column":15},"end":{"line":222,"column":9}}],"line":210},"26":{"loc":{"start":{"line":210,"column":19},"end":{"line":210,"column":69}},"type":"binary-expr","locations":[{"start":{"line":210,"column":19},"end":{"line":210,"column":33}},{"start":{"line":210,"column":37},"end":{"line":210,"column":50}},{"start":{"line":210,"column":54},"end":{"line":210,"column":69}}],"line":210},"27":{"loc":{"start":{"line":216,"column":15},"end":{"line":222,"column":9}},"type":"if","locations":[{"start":{"line":216,"column":15},"end":{"line":222,"column":9}},{"start":{"line":216,"column":15},"end":{"line":222,"column":9}}],"line":216},"28":{"loc":{"start":{"line":216,"column":19},"end":{"line":216,"column":69}},"type":"binary-expr","locations":[{"start":{"line":216,"column":19},"end":{"line":216,"column":33}},{"start":{"line":216,"column":37},"end":{"line":216,"column":51}},{"start":{"line":216,"column":55},"end":{"line":216,"column":69}}],"line":216},"29":{"loc":{"start":{"line":224,"column":8},"end":{"line":229,"column":9}},"type":"if","locations":[{"start":{"line":224,"column":8},"end":{"line":229,"column":9}},{"start":{"line":224,"column":8},"end":{"line":229,"column":9}}],"line":224},"30":{"loc":{"start":{"line":243,"column":4},"end":{"line":281,"column":5}},"type":"if","locations":[{"start":{"line":243,"column":4},"end":{"line":281,"column":5}},{"start":{"line":243,"column":4},"end":{"line":281,"column":5}}],"line":243},"31":{"loc":{"start":{"line":243,"column":8},"end":{"line":243,"column":62}},"type":"binary-expr","locations":[{"start":{"line":243,"column":8},"end":{"line":243,"column":34}},{"start":{"line":243,"column":38},"end":{"line":243,"column":62}}],"line":243},"32":{"loc":{"start":{"line":245,"column":6},"end":{"line":247,"column":7}},"type":"if","locations":[{"start":{"line":245,"column":6},"end":{"line":247,"column":7}},{"start":{"line":245,"column":6},"end":{"line":247,"column":7}}],"line":245},"33":{"loc":{"start":{"line":245,"column":10},"end":{"line":245,"column":60}},"type":"binary-expr","locations":[{"start":{"line":245,"column":10},"end":{"line":245,"column":40}},{"start":{"line":245,"column":44},"end":{"line":245,"column":60}}],"line":245},"34":{"loc":{"start":{"line":256,"column":10},"end":{"line":259,"column":11}},"type":"if","locations":[{"start":{"line":256,"column":10},"end":{"line":259,"column":11}},{"start":{"line":256,"column":10},"end":{"line":259,"column":11}}],"line":256},"35":{"loc":{"start":{"line":256,"column":14},"end":{"line":256,"column":56}},"type":"binary-expr","locations":[{"start":{"line":256,"column":14},"end":{"line":256,"column":46}},{"start":{"line":256,"column":50},"end":{"line":256,"column":56}}],"line":256},"36":{"loc":{"start":{"line":260,"column":10},"end":{"line":266,"column":11}},"type":"if","locations":[{"start":{"line":260,"column":10},"end":{"line":266,"column":11}},{"start":{"line":260,"column":10},"end":{"line":266,"column":11}}],"line":260},"37":{"loc":{"start":{"line":260,"column":14},"end":{"line":260,"column":66}},"type":"binary-expr","locations":[{"start":{"line":260,"column":14},"end":{"line":260,"column":56}},{"start":{"line":260,"column":60},"end":{"line":260,"column":66}}],"line":260},"38":{"loc":{"start":{"line":262,"column":12},"end":{"line":265,"column":13}},"type":"if","locations":[{"start":{"line":262,"column":12},"end":{"line":265,"column":13}},{"start":{"line":262,"column":12},"end":{"line":265,"column":13}}],"line":262},"39":{"loc":{"start":{"line":275,"column":8},"end":{"line":278,"column":9}},"type":"if","locations":[{"start":{"line":275,"column":8},"end":{"line":278,"column":9}},{"start":{"line":275,"column":8},"end":{"line":278,"column":9}}],"line":275},"40":{"loc":{"start":{"line":282,"column":4},"end":{"line":284,"column":5}},"type":"if","locations":[{"start":{"line":282,"column":4},"end":{"line":284,"column":5}},{"start":{"line":282,"column":4},"end":{"line":284,"column":5}}],"line":282},"41":{"loc":{"start":{"line":292,"column":4},"end":{"line":294,"column":5}},"type":"if","locations":[{"start":{"line":292,"column":4},"end":{"line":294,"column":5}},{"start":{"line":292,"column":4},"end":{"line":294,"column":5}}],"line":292},"42":{"loc":{"start":{"line":299,"column":4},"end":{"line":301,"column":5}},"type":"if","locations":[{"start":{"line":299,"column":4},"end":{"line":301,"column":5}},{"start":{"line":299,"column":4},"end":{"line":301,"column":5}}],"line":299},"43":{"loc":{"start":{"line":302,"column":4},"end":{"line":305,"column":5}},"type":"if","locations":[{"start":{"line":302,"column":4},"end":{"line":305,"column":5}},{"start":{"line":302,"column":4},"end":{"line":305,"column":5}}],"line":302},"44":{"loc":{"start":{"line":306,"column":4},"end":{"line":310,"column":5}},"type":"if","locations":[{"start":{"line":306,"column":4},"end":{"line":310,"column":5}},{"start":{"line":306,"column":4},"end":{"line":310,"column":5}}],"line":306},"45":{"loc":{"start":{"line":314,"column":4},"end":{"line":316,"column":5}},"type":"if","locations":[{"start":{"line":314,"column":4},"end":{"line":316,"column":5}},{"start":{"line":314,"column":4},"end":{"line":316,"column":5}}],"line":314},"46":{"loc":{"start":{"line":318,"column":4},"end":{"line":371,"column":5}},"type":"switch","locations":[{"start":{"line":319,"column":6},"end":{"line":323,"column":14}},{"start":{"line":324,"column":6},"end":{"line":328,"column":14}},{"start":{"line":329,"column":6},"end":{"line":333,"column":14}},{"start":{"line":334,"column":6},"end":{"line":338,"column":14}},{"start":{"line":339,"column":6},"end":{"line":345,"column":14}},{"start":{"line":346,"column":6},"end":{"line":350,"column":14}},{"start":{"line":352,"column":6},"end":{"line":356,"column":14}},{"start":{"line":357,"column":6},"end":{"line":361,"column":14}},{"start":{"line":362,"column":6},"end":{"line":366,"column":14}},{"start":{"line":367,"column":6},"end":{"line":370,"column":14}}],"line":318},"47":{"loc":{"start":{"line":340,"column":8},"end":{"line":342,"column":9}},"type":"if","locations":[{"start":{"line":340,"column":8},"end":{"line":342,"column":9}},{"start":{"line":340,"column":8},"end":{"line":342,"column":9}}],"line":340},"48":{"loc":{"start":{"line":347,"column":8},"end":{"line":349,"column":9}},"type":"if","locations":[{"start":{"line":347,"column":8},"end":{"line":349,"column":9}},{"start":{"line":347,"column":8},"end":{"line":349,"column":9}}],"line":347},"49":{"loc":{"start":{"line":347,"column":12},"end":{"line":347,"column":103}},"type":"binary-expr","locations":[{"start":{"line":347,"column":12},"end":{"line":347,"column":55}},{"start":{"line":347,"column":59},"end":{"line":347,"column":103}}],"line":347},"50":{"loc":{"start":{"line":353,"column":8},"end":{"line":355,"column":9}},"type":"if","locations":[{"start":{"line":353,"column":8},"end":{"line":355,"column":9}},{"start":{"line":353,"column":8},"end":{"line":355,"column":9}}],"line":353},"51":{"loc":{"start":{"line":358,"column":8},"end":{"line":360,"column":9}},"type":"if","locations":[{"start":{"line":358,"column":8},"end":{"line":360,"column":9}},{"start":{"line":358,"column":8},"end":{"line":360,"column":9}}],"line":358},"52":{"loc":{"start":{"line":363,"column":8},"end":{"line":365,"column":9}},"type":"if","locations":[{"start":{"line":363,"column":8},"end":{"line":365,"column":9}},{"start":{"line":363,"column":8},"end":{"line":365,"column":9}}],"line":363}},"s":{"0":1,"1":1,"2":1,"3":1,"4":1,"5":1,"6":1,"7":1,"8":1,"9":1,"10":1,"11":1,"12":1,"13":1,"14":1,"15":1,"16":1,"17":1,"18":1,"19":1,"20":1,"21":1,"22":1,"23":1,"24":1,"25":1,"26":1,"27":1,"28":1,"29":1,"30":1,"31":1,"32":1,"33":1,"34":0,"35":1,"36":1,"37":1,"38":1,"39":1,"40":1,"41":315,"42":315,"43":1,"44":315,"45":315,"46":7126,"47":7126,"48":1,"49":7126,"50":314,"51":314,"52":314,"53":314,"54":0,"55":0,"56":314,"57":24,"58":16,"59":56,"60":56,"61":24,"62":56,"63":56,"64":0,"65":0,"66":0,"67":56,"68":56,"69":56,"70":51,"71":56,"72":24,"73":24,"74":0,"75":56,"76":56,"77":0,"78":0,"79":0,"80":56,"81":24,"82":24,"83":56,"84":12,"85":4,"86":8,"87":8,"88":8,"89":12,"90":0,"91":0,"92":0,"93":0,"94":0,"95":0,"96":2513,"97":260,"98":2253,"99":2513,"100":115,"101":115,"102":38,"103":38,"104":38,"105":38,"106":115,"107":140,"108":0,"109":0,"110":0,"111":140,"112":70,"113":70,"114":70,"115":70,"116":70,"117":70,"118":70,"119":70,"120":0,"121":0,"122":0,"123":0,"124":140,"125":70,"126":70,"127":70,"128":140,"129":3920,"130":3920,"131":7126,"132":1,"133":0,"134":0,"135":0,"136":0,"137":0,"138":0,"139":0,"140":0,"141":0,"142":0,"143":0,"144":0,"145":0,"146":0,"147":0,"148":0,"149":0,"150":0,"151":0,"152":0,"153":0,"154":0,"155":0,"156":0,"157":0,"158":0,"159":0,"160":0,"161":0,"162":0,"163":0,"164":0,"165":1,"166":4559,"167":1,"168":2761,"169":2269,"170":492,"171":492,"172":492,"173":1,"174":492,"175":4,"176":4,"177":492,"178":236,"179":236,"180":236,"181":492,"182":492,"183":492,"184":237,"185":492,"186":492,"187":0,"188":0,"189":0,"190":0,"191":0,"192":0,"193":0,"194":0,"195":1,"196":1,"197":1,"198":1,"199":69,"200":69,"201":69,"202":69,"203":3,"204":3,"205":3,"206":3,"207":3,"208":8,"209":8,"210":8,"211":0,"212":0,"213":0,"214":18,"215":18,"216":18,"217":3,"218":3,"219":3,"220":390,"221":390,"222":390},"f":{"0":1,"1":1,"2":1,"3":315,"4":315,"5":315,"6":7126,"7":0,"8":4559,"9":2761},"b":{"0":[1,0],"1":[1,1],"2":[314,314,24,32,56,24,32,56,12,0,2513,115,140,3920],"3":[314,0],"4":[0,0],"5":[0,0],"6":[16,8],"7":[24,32],"8":[56,0],"9":[56,49,33,49,3],"10":[51,5],"11":[24,32],"12":[0,24],"13":[56,0],"14":[56,49,33,49,6],"15":[24,32],"16":[4,8],"17":[0,0],"18":[260,2253],"19":[2513,2340,2292,392,306],"20":[38,77],"21":[0,140],"22":[140,70,0],"23":[70,70],"24":[140,70,70],"25":[70,0],"26":[70,70,70],"27":[0,0],"28":[0,0,0],"29":[70,70],"30":[0,0],"31":[0,0],"32":[0,0],"33":[0,0],"34":[0,0],"35":[0,0],"36":[0,0],"37":[0,0],"38":[0,0],"39":[0,0],"40":[0,0],"41":[2269,492],"42":[1,491],"43":[4,488],"44":[236,256],"45":[237,255],"46":[0,0,1,69,3,8,0,18,3,390],"47":[3,0],"48":[8,0],"49":[8,4],"50":[0,0],"51":[18,0],"52":[3,0]},"_coverageSchema":"43e27e138ebf9cfc5966b082cf9a028302ed4184","hash":"95a35a2ab2f23b35f862981f215dc29b80ef4a85"}
}
