TN:
SF:D:\dev\node-net-snmp\src\mib.js
FN:46,(anonymous_0)
FN:77,(anonymous_1)
FN:89,(anonymous_2)
FN:92,(anonymous_3)
FN:92,(anonymous_4)
FN:96,(anonymous_5)
FN:103,(anonymous_6)
FN:239,(anonymous_7)
FN:287,(anonymous_8)
FN:291,(anonymous_9)
FNF:10
FNH:9
FNDA:1,(anonymous_0)
FNDA:1,(anonymous_1)
FNDA:1,(anonymous_2)
FNDA:315,(anonymous_3)
FNDA:315,(anonymous_4)
FNDA:315,(anonymous_5)
FNDA:7126,(anonymous_6)
FNDA:0,(anonymous_7)
FNDA:4559,(anonymous_8)
FNDA:2761,(anonymous_9)
DA:6,1
DA:8,1
DA:47,1
DA:48,1
DA:49,1
DA:50,1
DA:51,1
DA:52,1
DA:53,1
DA:54,1
DA:55,1
DA:56,1
DA:57,1
DA:58,1
DA:59,1
DA:60,1
DA:61,1
DA:62,1
DA:63,1
DA:64,1
DA:65,1
DA:66,1
DA:67,1
DA:68,1
DA:69,1
DA:70,1
DA:71,1
DA:72,1
DA:73,1
DA:74,1
DA:75,1
DA:77,1
DA:79,1
DA:80,1
DA:82,0
DA:84,1
DA:87,1
DA:89,1
DA:90,1
DA:91,1
DA:92,315
DA:93,315
DA:96,1
DA:97,315
DA:98,7126
DA:99,7126
DA:103,1
DA:104,7126
DA:107,314
DA:108,314
DA:109,314
DA:110,314
DA:111,0
DA:112,0
DA:114,314
DA:116,24
DA:117,16
DA:121,56
DA:122,56
DA:123,24
DA:125,56
DA:126,56
DA:128,0
DA:129,0
DA:130,0
DA:132,56
DA:136,56
DA:137,56
DA:138,51
DA:140,56
DA:141,24
DA:142,24
DA:143,0
DA:146,56
DA:147,56
DA:149,0
DA:150,0
DA:151,0
DA:154,56
DA:155,24
DA:156,24
DA:158,56
DA:160,12
DA:161,4
DA:163,8
DA:164,8
DA:165,8
DA:167,12
DA:170,0
DA:171,0
DA:173,0
DA:174,0
DA:175,0
DA:177,0
DA:180,2513
DA:181,260
DA:183,2253
DA:185,2513
DA:187,115
DA:188,115
DA:189,38
DA:190,38
DA:191,38
DA:192,38
DA:195,115
DA:197,140
DA:200,0
DA:201,0
DA:202,0
DA:203,140
DA:206,70
DA:207,70
DA:208,70
DA:209,70
DA:210,70
DA:213,70
DA:214,70
DA:215,70
DA:216,0
DA:219,0
DA:220,0
DA:221,0
DA:224,140
DA:225,70
DA:227,70
DA:228,70
DA:230,140
DA:233,3920
DA:234,3920
DA:236,7126
DA:239,1
DA:240,0
DA:241,0
DA:242,0
DA:243,0
DA:244,0
DA:245,0
DA:246,0
DA:248,0
DA:250,0
DA:251,0
DA:252,0
DA:254,0
DA:255,0
DA:256,0
DA:257,0
DA:258,0
DA:260,0
DA:261,0
DA:262,0
DA:263,0
DA:264,0
DA:273,0
DA:274,0
DA:275,0
DA:276,0
DA:277,0
DA:282,0
DA:283,0
DA:285,0
DA:287,1
DA:288,4559
DA:291,1
DA:292,2761
DA:293,2269
DA:296,492
DA:297,492
DA:299,492
DA:300,1
DA:302,492
DA:303,4
DA:304,4
DA:306,492
DA:307,236
DA:308,236
DA:309,236
DA:311,492
DA:312,492
DA:314,492
DA:315,237
DA:317,492
DA:318,492
DA:320,0
DA:321,0
DA:322,0
DA:323,0
DA:325,0
DA:326,0
DA:327,0
DA:328,0
DA:330,1
DA:331,1
DA:332,1
DA:333,1
DA:335,69
DA:336,69
DA:337,69
DA:338,69
DA:340,3
DA:341,3
DA:343,3
DA:344,3
DA:345,3
DA:347,8
DA:348,8
DA:350,8
DA:353,0
DA:354,0
DA:356,0
DA:358,18
DA:359,18
DA:361,18
DA:363,3
DA:364,3
DA:366,3
DA:368,390
DA:369,390
DA:370,390
LF:218
LH:155
BRDA:79,0,0,1
BRDA:79,0,1,0
BRDA:79,1,0,1
BRDA:79,1,1,1
BRDA:104,2,0,314
BRDA:104,2,1,314
BRDA:104,2,2,24
BRDA:104,2,3,32
BRDA:104,2,4,56
BRDA:104,2,5,24
BRDA:104,2,6,32
BRDA:104,2,7,56
BRDA:104,2,8,12
BRDA:104,2,9,0
BRDA:104,2,10,2513
BRDA:104,2,11,115
BRDA:104,2,12,140
BRDA:104,2,13,3920
BRDA:107,3,0,314
BRDA:107,3,1,0
BRDA:111,4,0,0
BRDA:111,4,1,0
BRDA:111,5,0,0
BRDA:111,5,1,0
BRDA:116,6,0,16
BRDA:116,6,1,8
BRDA:122,7,0,24
BRDA:122,7,1,32
BRDA:125,8,0,56
BRDA:125,8,1,0
BRDA:125,9,0,56
BRDA:125,9,1,49
BRDA:125,9,2,33
BRDA:125,9,3,49
BRDA:125,9,4,3
BRDA:137,10,0,51
BRDA:137,10,1,5
BRDA:140,11,0,24
BRDA:140,11,1,32
BRDA:142,12,0,0
BRDA:142,12,1,24
BRDA:146,13,0,56
BRDA:146,13,1,0
BRDA:146,14,0,56
BRDA:146,14,1,49
BRDA:146,14,2,33
BRDA:146,14,3,49
BRDA:146,14,4,6
BRDA:154,15,0,24
BRDA:154,15,1,32
BRDA:160,16,0,4
BRDA:160,16,1,8
BRDA:170,17,0,0
BRDA:170,17,1,0
BRDA:180,18,0,260
BRDA:180,18,1,2253
BRDA:180,19,0,2513
BRDA:180,19,1,2340
BRDA:180,19,2,2292
BRDA:180,19,3,392
BRDA:180,19,4,306
BRDA:188,20,0,38
BRDA:188,20,1,77
BRDA:197,21,0,0
BRDA:197,21,1,140
BRDA:197,22,0,140
BRDA:197,22,1,70
BRDA:197,22,2,0
BRDA:203,23,0,70
BRDA:203,23,1,70
BRDA:203,24,0,140
BRDA:203,24,1,70
BRDA:203,24,2,70
BRDA:210,25,0,70
BRDA:210,25,1,0
BRDA:210,26,0,70
BRDA:210,26,1,70
BRDA:210,26,2,70
BRDA:216,27,0,0
BRDA:216,27,1,0
BRDA:216,28,0,0
BRDA:216,28,1,0
BRDA:216,28,2,0
BRDA:224,29,0,70
BRDA:224,29,1,70
BRDA:243,30,0,0
BRDA:243,30,1,0
BRDA:243,31,0,0
BRDA:243,31,1,0
BRDA:245,32,0,0
BRDA:245,32,1,0
BRDA:245,33,0,0
BRDA:245,33,1,0
BRDA:256,34,0,0
BRDA:256,34,1,0
BRDA:256,35,0,0
BRDA:256,35,1,0
BRDA:260,36,0,0
BRDA:260,36,1,0
BRDA:260,37,0,0
BRDA:260,37,1,0
BRDA:262,38,0,0
BRDA:262,38,1,0
BRDA:275,39,0,0
BRDA:275,39,1,0
BRDA:282,40,0,0
BRDA:282,40,1,0
BRDA:292,41,0,2269
BRDA:292,41,1,492
BRDA:299,42,0,1
BRDA:299,42,1,491
BRDA:302,43,0,4
BRDA:302,43,1,488
BRDA:306,44,0,236
BRDA:306,44,1,256
BRDA:314,45,0,237
BRDA:314,45,1,255
BRDA:318,46,0,0
BRDA:318,46,1,0
BRDA:318,46,2,1
BRDA:318,46,3,69
BRDA:318,46,4,3
BRDA:318,46,5,8
BRDA:318,46,6,0
BRDA:318,46,7,18
BRDA:318,46,8,3
BRDA:318,46,9,390
BRDA:340,47,0,3
BRDA:340,47,1,0
BRDA:347,48,0,8
BRDA:347,48,1,0
BRDA:347,49,0,8
BRDA:347,49,1,4
BRDA:353,50,0,0
BRDA:353,50,1,0
BRDA:358,51,0,18
BRDA:358,51,1,0
BRDA:363,52,0,3
BRDA:363,52,1,0
BRF:139
BRH:88
end_of_record
